<?xml version="1.0" encoding="UTF-8" ?>
<testsuite tests="0" failures="0" name="Fangfa.TestFangFa" time="0" errors="0" skipped="0">
  <properties>
    <property name="idea.version" value="2017.1.6"/>
    <property name="java.runtime.name" value="Java(TM) SE Runtime Environment"/>
    <property name="sun.boot.library.path" value="F:\JDK8\jre\bin"/>
    <property name="java.vm.version" value="25.172-b11"/>
    <property name="java.vm.vendor" value="Oracle Corporation"/>
    <property name="maven.multiModuleProjectDirectory" value="D:\zijiwan"/>
    <property name="java.vendor.url" value="http://java.oracle.com/"/>
    <property name="path.separator" value=";"/>
    <property name="guice.disable.misplaced.annotation.check" value="true"/>
    <property name="java.vm.name" value="Java HotSpot(TM) 64-Bit Server VM"/>
    <property name="file.encoding.pkg" value="sun.io"/>
    <property name="user.script" value=""/>
    <property name="user.country" value="CN"/>
    <property name="sun.java.launcher" value="SUN_STANDARD"/>
    <property name="sun.os.patch.level" value="Service Pack 1"/>
    <property name="java.vm.specification.name" value="Java Virtual Machine Specification"/>
    <property name="user.dir" value="D:\zijiwan"/>
    <property name="java.runtime.version" value="1.8.0_172-b11"/>
    <property name="java.awt.graphicsenv" value="sun.awt.Win32GraphicsEnvironment"/>
    <property name="java.endorsed.dirs" value="F:\JDK8\jre\lib\endorsed"/>
    <property name="os.arch" value="amd64"/>
    <property name="java.io.tmpdir" value="C:\Users\ZCP\AppData\Local\Temp\"/>
    <property name="line.separator" value="
"/>
    <property name="java.vm.specification.vendor" value="Oracle Corporation"/>
    <property name="user.variant" value=""/>
    <property name="os.name" value="Windows 7"/>
    <property name="classworlds.conf" value="F:\eclipse\IntelliJ IDEA 2017.1.6\plugins\maven\lib\maven3\bin\m2.conf"/>
    <property name="sun.jnu.encoding" value="GBK"/>
    <property name="java.library.path" value="F:\JDK8\bin;C:\windows\Sun\Java\bin;C:\windows\system32;C:\windows;F:\JDK8\bin;C:\Program Files (x86)\Common Files\Oracle\Java\javapath;C:\Windows\SysWOW64;C:\windows\SysWOW64;C:\Windows\DOWNLO~1;C:\Windows\Downloaded Program Files;C:\windows\system32;C:\windows;C:\windows\System32\Wbem;C:\windows\System32\WindowsPowerShell\v1.0\;C:\windows\system32;C:\windows;C:\windows\system32\wbem;C:\Program Files\WIDCOMM\Bluetooth Software\;C:\Program Files\WIDCOMM\Bluetooth Software\syswow64;C:\strawberry\c\bin;C:\strawberry\perl\bin;F:\UE;F:\eclipse\Groovy-2.6.0\bin;F:\GROOVY\Groovy-2.6.0\bin;F:\JDK8\jre\bin;D:\myc\node\;D:\Program Files\Git\cmd;D:\Program Files\VisualSVN Server\bin;C:\Program Files\TortoiseSVN\bin;F:\Fiddler;C:\Users\ZCP\AppData\Roaming\npm;C:\Users\ZCP\AppData\Local\GitHubDesktop\bin;."/>
    <property name="java.specification.name" value="Java Platform API Specification"/>
    <property name="java.class.version" value="52.0"/>
    <property name="sun.management.compiler" value="HotSpot 64-Bit Tiered Compilers"/>
    <property name="os.version" value="6.1"/>
    <property name="user.home" value="C:\Users\ZCP"/>
    <property name="user.timezone" value="Asia/Shanghai"/>
    <property name="java.awt.printerjob" value="sun.awt.windows.WPrinterJob"/>
    <property name="java.specification.version" value="1.8"/>
    <property name="file.encoding" value="UTF-8"/>
    <property name="user.name" value="ZCP"/>
    <property name="java.class.path" value="F:\eclipse\IntelliJ IDEA 2017.1.6\plugins\maven\lib\maven3\boot\plexus-classworlds-2.5.2.jar;F:\eclipse\IntelliJ IDEA 2017.1.6\lib\idea_rt.jar"/>
    <property name="java.vm.specification.version" value="1.8"/>
    <property name="sun.arch.data.model" value="64"/>
    <property name="java.home" value="F:\JDK8\jre"/>
    <property name="sun.java.command" value="org.codehaus.classworlds.Launcher -Didea.version=2017.1.6 install"/>
    <property name="java.specification.vendor" value="Oracle Corporation"/>
    <property name="user.language" value="zh"/>
    <property name="awt.toolkit" value="sun.awt.windows.WToolkit"/>
    <property name="java.vm.info" value="mixed mode"/>
    <property name="java.version" value="1.8.0_172"/>
    <property name="java.ext.dirs" value="F:\JDK8\jre\lib\ext;C:\windows\Sun\Java\lib\ext"/>
    <property name="sun.boot.class.path" value="F:\JDK8\jre\lib\resources.jar;F:\JDK8\jre\lib\rt.jar;F:\JDK8\jre\lib\sunrsasign.jar;F:\JDK8\jre\lib\jsse.jar;F:\JDK8\jre\lib\jce.jar;F:\JDK8\jre\lib\charsets.jar;F:\JDK8\jre\lib\jfr.jar;F:\JDK8\jre\classes"/>
    <property name="java.vendor" value="Oracle Corporation"/>
    <property name="maven.home" value="F:\eclipse\IntelliJ IDEA 2017.1.6\plugins\maven\lib\maven3"/>
    <property name="file.separator" value="\"/>
    <property name="java.vendor.url.bug" value="http://bugreport.sun.com/bugreport/"/>
    <property name="sun.cpu.endian" value="little"/>
    <property name="sun.io.unicode.encoding" value="UnicodeLittle"/>
    <property name="sun.desktop" value="windows"/>
    <property name="sun.cpu.isalist" value="amd64"/>
  </properties>
</testsuite>